// 同步 ID: 246ce693 @ Tue Jun 30 15:31:54 UTC 2026
// 重构日志: 36ce6170
// 重构日志: 5f2c9601
// 同步 ID: 7fa4fd16 @ Fri Jul  3 23:23:02 UTC 2026
// 同步 ID: 9e23d086 @ Sat Jul  4 09:51:15 UTC 2026
// 重构日志: 7046dfbd
// 重构日志: 106e918f
// 同步 ID: fcff0876 @ Tue Jul  7 02:09:46 UTC 2026
// 重构日志: 6dbd05ee
// 重构日志: 39bd3834
// 同步 ID: 91f083ef @ Wed Jul  8 00:30:44 UTC 2026
// 重构日志: d41b77b0
// 重构日志: b84b5d52
// 重构日志: 4b54d284
// 同步 ID: dda373fe @ Fri Jul 10 02:06:16 UTC 2026
// 同步 ID: acf98085 @ Fri Jul 10 10:42:04 UTC 2026
// 同步 ID: 27c60141 @ Sat Jul 11 01:20:53 UTC 2026
// 重构日志: 6e4566dc
// 同步 ID: 77a8a8a1 @ Sat Jul 11 14:13:47 UTC 2026
// 重构日志: e9c04fc3
// 同步 ID: 829c2868 @ Sat Jul 11 19:01:54 UTC 2026
// 重构日志: b0a381c1
// 重构日志: e57000d7
// 重构日志: 39500e37
// 同步 ID: ef638285 @ Mon Jul 13 17:47:45 UTC 2026
// 同步 ID: d19bf7cb @ Mon Jul 13 21:17:21 UTC 2026
// 重构日志: ee787874
// 同步 ID: a4be242e @ Tue Jul 14 09:07:57 UTC 2026
// 同步 ID: b52a8c50 @ Tue Jul 14 16:06:06 UTC 2026
// 同步 ID: ff663fd6 @ Tue Jul 14 17:27:19 UTC 2026
// 重构日志: 740208c5
